c:\users\sam.whitehead\documents\my project\poker\poker\poker\debug\vc142.pdb
c:\users\sam.whitehead\documents\my project\poker\poker\poker\debug\vc142.idb
c:\users\sam.whitehead\documents\my project\poker\poker\poker\debug\deck.obj
c:\users\sam.whitehead\documents\my project\poker\poker\poker\debug\card.obj
c:\users\sam.whitehead\documents\my project\poker\poker\poker\debug\poker.obj
c:\users\sam.whitehead\documents\my project\poker\poker\debug\poker.pdb
c:\users\sam.whitehead\documents\my project\poker\poker\poker\debug\poker.tlog\cl.command.1.tlog
c:\users\sam.whitehead\documents\my project\poker\poker\poker\debug\poker.tlog\cl.read.1.tlog
c:\users\sam.whitehead\documents\my project\poker\poker\poker\debug\poker.tlog\cl.write.1.tlog
c:\users\sam.whitehead\documents\my project\poker\poker\poker\debug\poker.tlog\link-cvtres.read.1.tlog
c:\users\sam.whitehead\documents\my project\poker\poker\poker\debug\poker.tlog\link-cvtres.write.1.tlog
c:\users\sam.whitehead\documents\my project\poker\poker\poker\debug\poker.tlog\link-rc.read.1.tlog
c:\users\sam.whitehead\documents\my project\poker\poker\poker\debug\poker.tlog\link-rc.write.1.tlog
c:\users\sam.whitehead\documents\my project\poker\poker\poker\debug\poker.tlog\link.20352-cvtres.read.1.tlog
c:\users\sam.whitehead\documents\my project\poker\poker\poker\debug\poker.tlog\link.20352-cvtres.write.1.tlog
c:\users\sam.whitehead\documents\my project\poker\poker\poker\debug\poker.tlog\link.20352-rc.read.1.tlog
c:\users\sam.whitehead\documents\my project\poker\poker\poker\debug\poker.tlog\link.20352-rc.write.1.tlog
c:\users\sam.whitehead\documents\my project\poker\poker\poker\debug\poker.tlog\link.20352.read.1.tlog
c:\users\sam.whitehead\documents\my project\poker\poker\poker\debug\poker.tlog\link.20352.write.1.tlog
c:\users\sam.whitehead\documents\my project\poker\poker\poker\debug\poker.tlog\link.command.1.tlog
c:\users\sam.whitehead\documents\my project\poker\poker\poker\debug\poker.tlog\link.read.1.tlog
c:\users\sam.whitehead\documents\my project\poker\poker\poker\debug\poker.tlog\link.write.1.tlog
